<!-- <?xml version="1.0" encoding="UTF-8"?> -->
<!-- <beans xmlns="http://www.springframework.org/schema/beans" -->
<!-- 	xmlns:xsi="http://www.w3.org/2001/XMLSchema-instance" xmlns:context="http://www.springframework.org/schema/context" -->
<!-- 	xmlns:tx="http://www.springframework.org/schema/tx" xmlns:jdbc="http://www.springframework.org/schema/jdbc" -->
<!-- 	xmlns:jee="http://www.springframework.org/schema/jee" xmlns:mongo="http://www.springframework.org/schema/data/mongo" -->
<!-- 	xmlns:jpa="http://www.springframework.org/schema/data/jpa" -->
<!-- 	xsi:schemaLocation=" -->
<!-- 		http://www.springframework.org/schema/jdbc http://www.springframework.org/schema/jdbc/spring-jdbc-4.0.xsd -->
<!-- 		http://www.springframework.org/schema/beans http://www.springframework.org/schema/beans/spring-beans-4.0.xsd -->
<!-- 		http://www.springframework.org/schema/tx http://www.springframework.org/schema/tx/spring-tx-4.0.xsd -->
<!-- 		http://www.springframework.org/schema/data/mongo http://www.springframework.org/schema/data/mongo/spring-mongo-1.5.xsd -->
<!-- 		http://www.springframework.org/schema/context http://www.springframework.org/schema/context/spring-context-4.0.xsd -->
<!-- 		http://www.springframework.org/schema/jee http://www.springframework.org/schema/jee/spring-jee-4.0.xsd -->
<!-- 		http://www.springframework.org/schema/data/jpa http://www.springframework.org/schema/data/jpa/spring-jpa-1.3.xsd"> -->

<!-- 	<mongo:mongo id="devJivaMongo" host="127.0.0.1" port="27017"/> -->
<!-- 	<mongo:db-factory dbname="mongo_smartdoc" mongo-ref="devJivaMongo"/> -->
 
<!-- 	<bean id="mongoTemplate" class="org.springframework.data.mongodb.core.MongoTemplate"> -->
<!-- 		<constructor-arg name="mongoDbFactory" ref="mongoDbFactory" /> -->
<!-- 	</bean> -->
<!-- 	<mongo:repositories base-package="com.codecoop.devjiva.core.mongo.repositories" />	 -->
	
<!-- 		<jee:jndi-lookup id="devjivaDataSource" jndi-name="jdbc/DEVJIVA" /> -->
<!--  	<bean id="devjivaDataSource" -->
<!-- 		class="org.springframework.jdbc.datasource.DriverManagerDataSource"> -->
<!-- 		<property name="driverClassName" value="com.mysql.jdbc.Driver" /> -->
<!-- 		<property name="url" value="jdbc:mysql://localhost:3306/DEVJIVA" /> -->
<!-- 		<property name="username" value="root" /> -->
<!-- 		<property name="password" value="root" /> -->
<!-- 	</bean>   -->
<!-- 	<tx:annotation-driven transaction-manager="transactionManager" /> -->

<!-- 	<context:component-scan base-package="com.codecoop.devjiva.core" /> -->
	
<!-- 	<bean id="mailSender" class="org.springframework.mail.javamail.JavaMailSenderImpl"> -->
<!-- 		<property name="host" value="smtp.gmail.com" /> -->
<!-- 		<property name="port" value="25" /> -->
<!-- 		<property name="username" value="livebeat.staff.reg@gmail.com" /> -->
<!-- 		<property name="password" value="Devjeeva@123" /> -->
<!-- 		<property name="javaMailProperties"> -->
<!-- 			<props> -->
<!-- 				<prop key="mail.transport.protocol">smtp</prop> -->
<!-- 				<prop key="mail.smtp.auth">true</prop> -->
<!-- 				<prop key="mail.smtp.starttls.enable">true</prop> -->
<!-- 				<prop key="mail.debug">true</prop> -->
<!-- 			</props> -->
<!-- 		</property> -->
<!-- 	</bean> -->

<!-- </beans> -->
